yarn run v1.22.19
warning package.json: "dependencies" has dependency "typescript" with range "^5.0.4" that collides with a dependency in "devDependencies" of the same name with version "5.0.2"
$ next build
info  - Skipping linting
info  - Checking validity of types...
info  - Creating an optimized production build...
info  - Compiled successfully
info  - Collecting page data...
info  - Generating static pages (0/4)
info  - Generating static pages (1/4)
info  - Generating static pages (2/4)
info  - Generating static pages (3/4)
info  - Generating static pages (4/4)
info  - Finalizing page optimization...

Route (pages)                              Size     First Load JS
┌   /_app                                  0 B            73.5 kB
├ ○ /404                                   181 B          73.7 kB
├ ○ /home                                  1.35 kB        74.8 kB
└ ○ /poster                                16.5 kB          90 kB
+ First Load JS shared by all              75.5 kB
  ├ chunks/framework-19f3649580393c10.js   45.2 kB
  ├ chunks/main-54379c1fb512e6dc.js        27.1 kB
  ├ chunks/pages/_app-e0813aeb50a8e58f.js  287 B
  ├ chunks/webpack-ee7e63bc15b31913.js     815 B
  └ css/a143b01ac3460792.css               2.04 kB

○  (Static)  automatically rendered as static HTML (uses no initial props)

Done in 5.20s.
